<?xml version="1.0" encoding="UTF-8"?>
<testng-results skipped="0" failed="0" ignored="0" total="31" passed="31">
  <reporter-output>
  </reporter-output>
  <suite name="Suite" duration-ms="1252450" started-at="2018-11-16T10:50:57Z" finished-at="2018-11-16T11:11:50Z">
    <groups>
    </groups>
    <test name="Test" duration-ms="1252450" started-at="2018-11-16T10:50:57Z" finished-at="2018-11-16T11:11:50Z">
      <class name="scripts.Logout">
        <test-method status="PASS" signature="setup()[pri:0, instance:scripts.Logout@1a1d6a08]" name="setup" is-config="true" duration-ms="13250" started-at="2018-11-16T10:50:57Z" finished-at="2018-11-16T10:51:10Z">
          <reporter-output>
          </reporter-output>
        </test-method> <!-- setup -->
        <test-method status="PASS" signature="test_Home_Page_Appear_Correct(java.lang.String, java.lang.String)[pri:0, instance:scripts.Logout@1a1d6a08]" name="test_Home_Page_Appear_Correct" duration-ms="6513" started-at="2018-11-16T10:51:11Z" data-provider="Authenticate" finished-at="2018-11-16T10:51:17Z">
          <params>
            <param index="0">
              <value>
                <![CDATA[sujathat4u]]>
              </value>
            </param>
            <param index="1">
              <value>
                <![CDATA[Admin@123]]>
              </value>
            </param>
          </params>
          <reporter-output>
          </reporter-output>
        </test-method> <!-- test_Home_Page_Appear_Correct -->
        <test-method status="PASS" signature="failScreenShot(org.testng.ITestResult)[pri:0, instance:scripts.Logout@1a1d6a08]" name="failScreenShot" is-config="true" duration-ms="2" started-at="2018-11-16T10:51:17Z" finished-at="2018-11-16T10:51:17Z">
          <params>
            <param index="0">
              <value>
                <![CDATA[[TestResult name=test_Home_Page_Appear_Correct status=SUCCESS method=ValidLogin.test_Home_Page_Appear_Correct(java.lang.String, java.lang.String)[pri:0, instance:scripts.Logout@1a1d6a08] output={null}]]]>
              </value>
            </param>
          </params>
          <reporter-output>
          </reporter-output>
        </test-method> <!-- failScreenShot -->
        <test-method status="PASS" signature="verifyLoginUser()[pri:1, instance:scripts.Logout@1a1d6a08]" name="verifyLoginUser" duration-ms="542" started-at="2018-11-16T10:51:17Z" finished-at="2018-11-16T10:51:18Z">
          <reporter-output>
          </reporter-output>
        </test-method> <!-- verifyLoginUser -->
        <test-method status="PASS" signature="failScreenShot(org.testng.ITestResult)[pri:0, instance:scripts.Logout@1a1d6a08]" name="failScreenShot" is-config="true" duration-ms="1" started-at="2018-11-16T10:51:18Z" finished-at="2018-11-16T10:51:18Z">
          <params>
            <param index="0">
              <value>
                <![CDATA[[TestResult name=verifyLoginUser status=SUCCESS method=Administration.verifyLoginUser()[pri:1, instance:scripts.Logout@1a1d6a08] output={null}]]]>
              </value>
            </param>
          </params>
          <reporter-output>
          </reporter-output>
        </test-method> <!-- failScreenShot -->
        <test-method status="PASS" signature="navigateMasterOp()[pri:2, instance:scripts.Logout@1a1d6a08]" name="navigateMasterOp" duration-ms="2494" started-at="2018-11-16T10:51:18Z" finished-at="2018-11-16T10:51:20Z">
          <reporter-output>
          </reporter-output>
        </test-method> <!-- navigateMasterOp -->
        <test-method status="PASS" signature="failScreenShot(org.testng.ITestResult)[pri:0, instance:scripts.Logout@1a1d6a08]" name="failScreenShot" is-config="true" duration-ms="1" started-at="2018-11-16T10:51:20Z" finished-at="2018-11-16T10:51:20Z">
          <params>
            <param index="0">
              <value>
                <![CDATA[[TestResult name=navigateMasterOp status=SUCCESS method=Administration.navigateMasterOp()[pri:2, instance:scripts.Logout@1a1d6a08] output={null}]]]>
              </value>
            </param>
          </params>
          <reporter-output>
          </reporter-output>
        </test-method> <!-- failScreenShot -->
        <test-method status="PASS" signature="navigateCustomerInfoADD()[pri:3, instance:scripts.Logout@1a1d6a08]" name="navigateCustomerInfoADD" duration-ms="323" started-at="2018-11-16T10:51:20Z" finished-at="2018-11-16T10:51:21Z">
          <reporter-output>
          </reporter-output>
        </test-method> <!-- navigateCustomerInfoADD -->
        <test-method status="PASS" signature="failScreenShot(org.testng.ITestResult)[pri:0, instance:scripts.Logout@1a1d6a08]" name="failScreenShot" is-config="true" duration-ms="0" started-at="2018-11-16T10:51:21Z" finished-at="2018-11-16T10:51:21Z">
          <params>
            <param index="0">
              <value>
                <![CDATA[[TestResult name=navigateCustomerInfoADD status=SUCCESS method=CustomerInfo.navigateCustomerInfoADD()[pri:3, instance:scripts.Logout@1a1d6a08] output={null}]]]>
              </value>
            </param>
          </params>
          <reporter-output>
          </reporter-output>
        </test-method> <!-- failScreenShot -->
        <test-method status="PASS" signature="validateCustomerAdd(java.lang.String, java.lang.String, java.lang.String, java.lang.String, java.lang.String, java.lang.String, java.lang.String, java.lang.String, java.lang.String, java.lang.String, java.lang.String, java.lang.String, java.lang.String, java.lang.String, java.lang.String, java.lang.String)[pri:4, instance:scripts.Logout@1a1d6a08]" name="validateCustomerAdd" duration-ms="20347" started-at="2018-11-16T10:51:21Z" data-provider="Customer" finished-at="2018-11-16T10:51:41Z">
          <params>
            <param index="0">
              <value>
                <![CDATA[     ]]>
              </value>
            </param>
            <param index="1">
              <value>
                <![CDATA[#1, 1st main, 2nd street]]>
              </value>
            </param>
            <param index="2">
              <value>
                <![CDATA[INDIA]]>
              </value>
            </param>
            <param index="3">
              <value>
                <![CDATA[KARNATAKA]]>
              </value>
            </param>
            <param index="4">
              <value>
                <![CDATA[Bangalore]]>
              </value>
            </param>
            <param index="5">
              <value>
                <![CDATA[67456746536547]]>
              </value>
            </param>
            <param index="6">
              <value>
                <![CDATA[560094]]>
              </value>
            </param>
            <param index="7">
              <value>
                <![CDATA[67456746536547]]>
              </value>
            </param>
            <param index="8">
              <value>
                <![CDATA[656560094]]>
              </value>
            </param>
            <param index="9">
              <value>
                <![CDATA[test1@mailinator.com]]>
              </value>
            </param>
            <param index="10">
              <value>
                <![CDATA[http://www.example.com]]>
              </value>
            </param>
            <param index="11">
              <value>
                <![CDATA[05-12-2018]]>
              </value>
            </param>
            <param index="12">
              <value>
                <![CDATA[5]]>
              </value>
            </param>
            <param index="13">
              <value>
                <![CDATA[47]]>
              </value>
            </param>
            <param index="14">
              <value>
                <![CDATA[5]]>
              </value>
            </param>
            <param index="15">
              <value>
                <![CDATA[enter customer name]]>
              </value>
            </param>
          </params>
          <reporter-output>
          </reporter-output>
        </test-method> <!-- validateCustomerAdd -->
        <test-method status="PASS" signature="failScreenShot(org.testng.ITestResult)[pri:0, instance:scripts.Logout@1a1d6a08]" name="failScreenShot" is-config="true" duration-ms="0" started-at="2018-11-16T10:51:41Z" finished-at="2018-11-16T10:51:41Z">
          <params>
            <param index="0">
              <value>
                <![CDATA[[TestResult name=validateCustomerAdd status=SUCCESS method=CustomerInfo.validateCustomerAdd(java.lang.String, java.lang.String, java.lang.String, java.lang.String, java.lang.String, java.lang.String, java.lang.String, java.lang.String, java.lang.String, java.lang.String, java.lang.String, java.lang.String, java.lang.String, java.lang.String, java.lang.String, java.lang.String)[pri:4, instance:scripts.Logout@1a1d6a08] output={null}]]]>
              </value>
            </param>
          </params>
          <reporter-output>
          </reporter-output>
        </test-method> <!-- failScreenShot -->
        <test-method status="PASS" signature="validateCustomerAdd(java.lang.String, java.lang.String, java.lang.String, java.lang.String, java.lang.String, java.lang.String, java.lang.String, java.lang.String, java.lang.String, java.lang.String, java.lang.String, java.lang.String, java.lang.String, java.lang.String, java.lang.String, java.lang.String)[pri:4, instance:scripts.Logout@1a1d6a08]" name="validateCustomerAdd" duration-ms="20650" started-at="2018-11-16T10:51:41Z" data-provider="Customer" finished-at="2018-11-16T10:52:02Z">
          <params>
            <param index="0">
              <value>
                <![CDATA[Test2]]>
              </value>
            </param>
            <param index="1">
              <value>
                <![CDATA[    ]]>
              </value>
            </param>
            <param index="2">
              <value>
                <![CDATA[INDIA]]>
              </value>
            </param>
            <param index="3">
              <value>
                <![CDATA[KARNATAKA]]>
              </value>
            </param>
            <param index="4">
              <value>
                <![CDATA[Bangalore]]>
              </value>
            </param>
            <param index="5">
              <value>
                <![CDATA[67456746536547]]>
              </value>
            </param>
            <param index="6">
              <value>
                <![CDATA[560095]]>
              </value>
            </param>
            <param index="7">
              <value>
                <![CDATA[67456746536547]]>
              </value>
            </param>
            <param index="8">
              <value>
                <![CDATA[656560095]]>
              </value>
            </param>
            <param index="9">
              <value>
                <![CDATA[test2@mailinator.com]]>
              </value>
            </param>
            <param index="10">
              <value>
                <![CDATA[http://www.example.com]]>
              </value>
            </param>
            <param index="11">
              <value>
                <![CDATA[05-12-2019]]>
              </value>
            </param>
            <param index="12">
              <value>
                <![CDATA[5]]>
              </value>
            </param>
            <param index="13">
              <value>
                <![CDATA[47]]>
              </value>
            </param>
            <param index="14">
              <value>
                <![CDATA[5]]>
              </value>
            </param>
            <param index="15">
              <value>
                <![CDATA[Duplicate Customer Name]]>
              </value>
            </param>
          </params>
          <reporter-output>
          </reporter-output>
        </test-method> <!-- validateCustomerAdd -->
        <test-method status="PASS" signature="failScreenShot(org.testng.ITestResult)[pri:0, instance:scripts.Logout@1a1d6a08]" name="failScreenShot" is-config="true" duration-ms="0" started-at="2018-11-16T10:52:02Z" finished-at="2018-11-16T10:52:02Z">
          <params>
            <param index="0">
              <value>
                <![CDATA[[TestResult name=validateCustomerAdd status=SUCCESS method=CustomerInfo.validateCustomerAdd(java.lang.String, java.lang.String, java.lang.String, java.lang.String, java.lang.String, java.lang.String, java.lang.String, java.lang.String, java.lang.String, java.lang.String, java.lang.String, java.lang.String, java.lang.String, java.lang.String, java.lang.String, java.lang.String)[pri:4, instance:scripts.Logout@1a1d6a08] output={null}]]]>
              </value>
            </param>
          </params>
          <reporter-output>
          </reporter-output>
        </test-method> <!-- failScreenShot -->
        <test-method status="PASS" signature="validateCustomerAdd(java.lang.String, java.lang.String, java.lang.String, java.lang.String, java.lang.String, java.lang.String, java.lang.String, java.lang.String, java.lang.String, java.lang.String, java.lang.String, java.lang.String, java.lang.String, java.lang.String, java.lang.String, java.lang.String)[pri:4, instance:scripts.Logout@1a1d6a08]" name="validateCustomerAdd" duration-ms="19823" started-at="2018-11-16T10:52:02Z" data-provider="Customer" finished-at="2018-11-16T10:52:21Z">
          <params>
            <param index="0">
              <value>
                <![CDATA[Automate3]]>
              </value>
            </param>
            <param index="1">
              <value>
                <![CDATA[#1, 1st main, 3nd street]]>
              </value>
            </param>
            <param index="2">
              <value>
                <![CDATA[INDIA]]>
              </value>
            </param>
            <param index="3">
              <value>
                <![CDATA[KARNATAKA]]>
              </value>
            </param>
            <param index="4">
              <value>
                <![CDATA[Bangalore]]>
              </value>
            </param>
            <param index="5">
              <value>
                <![CDATA[674567465365477667676768767867686876786876876876786767676767]]>
              </value>
            </param>
            <param index="6">
              <value>
                <![CDATA[560096]]>
              </value>
            </param>
            <param index="7">
              <value>
                <![CDATA[674567465365477667676768767867686876786876876876786767676767]]>
              </value>
            </param>
            <param index="8">
              <value>
                <![CDATA[656560096]]>
              </value>
            </param>
            <param index="9">
              <value>
                <![CDATA[test3@mailinator.com]]>
              </value>
            </param>
            <param index="10">
              <value>
                <![CDATA[http://www.example.com]]>
              </value>
            </param>
            <param index="11">
              <value>
                <![CDATA[05-12-2020]]>
              </value>
            </param>
            <param index="12">
              <value>
                <![CDATA[5]]>
              </value>
            </param>
            <param index="13">
              <value>
                <![CDATA[47]]>
              </value>
            </param>
            <param index="14">
              <value>
                <![CDATA[5]]>
              </value>
            </param>
            <param index="15">
              <value>
                <![CDATA[There is some invalid data in field, please correct it]]>
              </value>
            </param>
          </params>
          <reporter-output>
          </reporter-output>
        </test-method> <!-- validateCustomerAdd -->
        <test-method status="PASS" signature="failScreenShot(org.testng.ITestResult)[pri:0, instance:scripts.Logout@1a1d6a08]" name="failScreenShot" is-config="true" duration-ms="0" started-at="2018-11-16T10:52:21Z" finished-at="2018-11-16T10:52:21Z">
          <params>
            <param index="0">
              <value>
                <![CDATA[[TestResult name=validateCustomerAdd status=SUCCESS method=CustomerInfo.validateCustomerAdd(java.lang.String, java.lang.String, java.lang.String, java.lang.String, java.lang.String, java.lang.String, java.lang.String, java.lang.String, java.lang.String, java.lang.String, java.lang.String, java.lang.String, java.lang.String, java.lang.String, java.lang.String, java.lang.String)[pri:4, instance:scripts.Logout@1a1d6a08] output={null}]]]>
              </value>
            </param>
          </params>
          <reporter-output>
          </reporter-output>
        </test-method> <!-- failScreenShot -->
        <test-method status="PASS" signature="validateCustomerAdd(java.lang.String, java.lang.String, java.lang.String, java.lang.String, java.lang.String, java.lang.String, java.lang.String, java.lang.String, java.lang.String, java.lang.String, java.lang.String, java.lang.String, java.lang.String, java.lang.String, java.lang.String, java.lang.String)[pri:4, instance:scripts.Logout@1a1d6a08]" name="validateCustomerAdd" duration-ms="20057" started-at="2018-11-16T10:52:21Z" data-provider="Customer" finished-at="2018-11-16T10:52:41Z">
          <params>
            <param index="0">
              <value>
                <![CDATA[Automate4]]>
              </value>
            </param>
            <param index="1">
              <value>
                <![CDATA[#2, 2nd main, 4rd street]]>
              </value>
            </param>
            <param index="2">
              <value>
                <![CDATA[                                                                      ]]>
              </value>
            </param>
            <param index="3">
              <value>
                <![CDATA[                            ]]>
              </value>
            </param>
            <param index="4">
              <value>
                <![CDATA[Bangalore]]>
              </value>
            </param>
            <param index="5">
              <value>
                <![CDATA[67456746536547]]>
              </value>
            </param>
            <param index="6">
              <value>
                <![CDATA[560097]]>
              </value>
            </param>
            <param index="7">
              <value>
                <![CDATA[67456746536547]]>
              </value>
            </param>
            <param index="8">
              <value>
                <![CDATA[656560097]]>
              </value>
            </param>
            <param index="9">
              <value>
                <![CDATA[test4@mailinator.com]]>
              </value>
            </param>
            <param index="10">
              <value>
                <![CDATA[http://www.example.com]]>
              </value>
            </param>
            <param index="11">
              <value>
                <![CDATA[05-12-2021]]>
              </value>
            </param>
            <param index="12">
              <value>
                <![CDATA[5]]>
              </value>
            </param>
            <param index="13">
              <value>
                <![CDATA[47]]>
              </value>
            </param>
            <param index="14">
              <value>
                <![CDATA[5]]>
              </value>
            </param>
            <param index="15">
              <value>
                <![CDATA[Select Country]]>
              </value>
            </param>
          </params>
          <reporter-output>
          </reporter-output>
        </test-method> <!-- validateCustomerAdd -->
        <test-method status="PASS" signature="failScreenShot(org.testng.ITestResult)[pri:0, instance:scripts.Logout@1a1d6a08]" name="failScreenShot" is-config="true" duration-ms="1" started-at="2018-11-16T10:52:41Z" finished-at="2018-11-16T10:52:41Z">
          <params>
            <param index="0">
              <value>
                <![CDATA[[TestResult name=validateCustomerAdd status=SUCCESS method=CustomerInfo.validateCustomerAdd(java.lang.String, java.lang.String, java.lang.String, java.lang.String, java.lang.String, java.lang.String, java.lang.String, java.lang.String, java.lang.String, java.lang.String, java.lang.String, java.lang.String, java.lang.String, java.lang.String, java.lang.String, java.lang.String)[pri:4, instance:scripts.Logout@1a1d6a08] output={null}]]]>
              </value>
            </param>
          </params>
          <reporter-output>
          </reporter-output>
        </test-method> <!-- failScreenShot -->
        <test-method status="PASS" signature="validateCustomerAdd(java.lang.String, java.lang.String, java.lang.String, java.lang.String, java.lang.String, java.lang.String, java.lang.String, java.lang.String, java.lang.String, java.lang.String, java.lang.String, java.lang.String, java.lang.String, java.lang.String, java.lang.String, java.lang.String)[pri:4, instance:scripts.Logout@1a1d6a08]" name="validateCustomerAdd" duration-ms="19896" started-at="2018-11-16T10:52:41Z" data-provider="Customer" finished-at="2018-11-16T10:53:01Z">
          <params>
            <param index="0">
              <value>
                <![CDATA[Automate5]]>
              </value>
            </param>
            <param index="1">
              <value>
                <![CDATA[#1, 1st main, 4nd street]]>
              </value>
            </param>
            <param index="2">
              <value>
                <![CDATA[INDIA]]>
              </value>
            </param>
            <param index="3">
              <value>
                <![CDATA[                          ]]>
              </value>
            </param>
            <param index="4">
              <value>
                <![CDATA[Bangalore]]>
              </value>
            </param>
            <param index="5">
              <value>
                <![CDATA[67456746536547]]>
              </value>
            </param>
            <param index="6">
              <value>
                <![CDATA[560098]]>
              </value>
            </param>
            <param index="7">
              <value>
                <![CDATA[67456746536547]]>
              </value>
            </param>
            <param index="8">
              <value>
                <![CDATA[656560098]]>
              </value>
            </param>
            <param index="9">
              <value>
                <![CDATA[test5@mailinator.com]]>
              </value>
            </param>
            <param index="10">
              <value>
                <![CDATA[http://www.example.com]]>
              </value>
            </param>
            <param index="11">
              <value>
                <![CDATA[05-12-2022]]>
              </value>
            </param>
            <param index="12">
              <value>
                <![CDATA[5]]>
              </value>
            </param>
            <param index="13">
              <value>
                <![CDATA[47]]>
              </value>
            </param>
            <param index="14">
              <value>
                <![CDATA[5]]>
              </value>
            </param>
            <param index="15">
              <value>
                <![CDATA[Select State]]>
              </value>
            </param>
          </params>
          <reporter-output>
          </reporter-output>
        </test-method> <!-- validateCustomerAdd -->
        <test-method status="PASS" signature="failScreenShot(org.testng.ITestResult)[pri:0, instance:scripts.Logout@1a1d6a08]" name="failScreenShot" is-config="true" duration-ms="1" started-at="2018-11-16T10:53:01Z" finished-at="2018-11-16T10:53:01Z">
          <params>
            <param index="0">
              <value>
                <![CDATA[[TestResult name=validateCustomerAdd status=SUCCESS method=CustomerInfo.validateCustomerAdd(java.lang.String, java.lang.String, java.lang.String, java.lang.String, java.lang.String, java.lang.String, java.lang.String, java.lang.String, java.lang.String, java.lang.String, java.lang.String, java.lang.String, java.lang.String, java.lang.String, java.lang.String, java.lang.String)[pri:4, instance:scripts.Logout@1a1d6a08] output={null}]]]>
              </value>
            </param>
          </params>
          <reporter-output>
          </reporter-output>
        </test-method> <!-- failScreenShot -->
        <test-method status="PASS" signature="validateCustomerAdd(java.lang.String, java.lang.String, java.lang.String, java.lang.String, java.lang.String, java.lang.String, java.lang.String, java.lang.String, java.lang.String, java.lang.String, java.lang.String, java.lang.String, java.lang.String, java.lang.String, java.lang.String, java.lang.String)[pri:4, instance:scripts.Logout@1a1d6a08]" name="validateCustomerAdd" duration-ms="19727" started-at="2018-11-16T10:53:01Z" data-provider="Customer" finished-at="2018-11-16T10:53:21Z">
          <params>
            <param index="0">
              <value>
                <![CDATA[Automate6]]>
              </value>
            </param>
            <param index="1">
              <value>
                <![CDATA[#2, 2nd main, 5rd street]]>
              </value>
            </param>
            <param index="2">
              <value>
                <![CDATA[INDIA]]>
              </value>
            </param>
            <param index="3">
              <value>
                <![CDATA[KARNATAKA]]>
              </value>
            </param>
            <param index="4">
              <value>
                <![CDATA[  ]]>
              </value>
            </param>
            <param index="5">
              <value>
                <![CDATA[67456746536547]]>
              </value>
            </param>
            <param index="6">
              <value>
                <![CDATA[560099]]>
              </value>
            </param>
            <param index="7">
              <value>
                <![CDATA[67456746536547]]>
              </value>
            </param>
            <param index="8">
              <value>
                <![CDATA[656560099]]>
              </value>
            </param>
            <param index="9">
              <value>
                <![CDATA[test6@mailinator.com]]>
              </value>
            </param>
            <param index="10">
              <value>
                <![CDATA[http://www.example.com]]>
              </value>
            </param>
            <param index="11">
              <value>
                <![CDATA[05-12-2023]]>
              </value>
            </param>
            <param index="12">
              <value>
                <![CDATA[5]]>
              </value>
            </param>
            <param index="13">
              <value>
                <![CDATA[47]]>
              </value>
            </param>
            <param index="14">
              <value>
                <![CDATA[5]]>
              </value>
            </param>
            <param index="15">
              <value>
                <![CDATA[Enter City Name]]>
              </value>
            </param>
          </params>
          <reporter-output>
          </reporter-output>
        </test-method> <!-- validateCustomerAdd -->
        <test-method status="PASS" signature="failScreenShot(org.testng.ITestResult)[pri:0, instance:scripts.Logout@1a1d6a08]" name="failScreenShot" is-config="true" duration-ms="0" started-at="2018-11-16T10:53:21Z" finished-at="2018-11-16T10:53:21Z">
          <params>
            <param index="0">
              <value>
                <![CDATA[[TestResult name=validateCustomerAdd status=SUCCESS method=CustomerInfo.validateCustomerAdd(java.lang.String, java.lang.String, java.lang.String, java.lang.String, java.lang.String, java.lang.String, java.lang.String, java.lang.String, java.lang.String, java.lang.String, java.lang.String, java.lang.String, java.lang.String, java.lang.String, java.lang.String, java.lang.String)[pri:4, instance:scripts.Logout@1a1d6a08] output={null}]]]>
              </value>
            </param>
          </params>
          <reporter-output>
          </reporter-output>
        </test-method> <!-- failScreenShot -->
        <test-method status="PASS" signature="validateCustomerAdd(java.lang.String, java.lang.String, java.lang.String, java.lang.String, java.lang.String, java.lang.String, java.lang.String, java.lang.String, java.lang.String, java.lang.String, java.lang.String, java.lang.String, java.lang.String, java.lang.String, java.lang.String, java.lang.String)[pri:4, instance:scripts.Logout@1a1d6a08]" name="validateCustomerAdd" duration-ms="19724" started-at="2018-11-16T10:53:21Z" data-provider="Customer" finished-at="2018-11-16T10:53:41Z">
          <params>
            <param index="0">
              <value>
                <![CDATA[Automate7]]>
              </value>
            </param>
            <param index="1">
              <value>
                <![CDATA[#1, 1st main, 5nd street]]>
              </value>
            </param>
            <param index="2">
              <value>
                <![CDATA[INDIA]]>
              </value>
            </param>
            <param index="3">
              <value>
                <![CDATA[KARNATAKA]]>
              </value>
            </param>
            <param index="4">
              <value>
                <![CDATA[Bangalore]]>
              </value>
            </param>
            <param index="5">
              <value>
                <![CDATA[                         ]]>
              </value>
            </param>
            <param index="6">
              <value>
                <![CDATA[560100]]>
              </value>
            </param>
            <param index="7">
              <value>
                <![CDATA[                         ]]>
              </value>
            </param>
            <param index="8">
              <value>
                <![CDATA[656560100]]>
              </value>
            </param>
            <param index="9">
              <value>
                <![CDATA[test7@mailinator.com]]>
              </value>
            </param>
            <param index="10">
              <value>
                <![CDATA[http://www.example.com]]>
              </value>
            </param>
            <param index="11">
              <value>
                <![CDATA[05-12-2024]]>
              </value>
            </param>
            <param index="12">
              <value>
                <![CDATA[5]]>
              </value>
            </param>
            <param index="13">
              <value>
                <![CDATA[47]]>
              </value>
            </param>
            <param index="14">
              <value>
                <![CDATA[5]]>
              </value>
            </param>
            <param index="15">
              <value>
                <![CDATA[Enter Phone No]]>
              </value>
            </param>
          </params>
          <reporter-output>
          </reporter-output>
        </test-method> <!-- validateCustomerAdd -->
        <test-method status="PASS" signature="validateCustomerAdd(java.lang.String, java.lang.String, java.lang.String, java.lang.String, java.lang.String, java.lang.String, java.lang.String, java.lang.String, java.lang.String, java.lang.String, java.lang.String, java.lang.String, java.lang.String, java.lang.String, java.lang.String, java.lang.String)[pri:4, instance:scripts.Logout@1a1d6a08]" name="validateCustomerAdd" duration-ms="19824" started-at="2018-11-16T10:53:41Z" data-provider="Customer" finished-at="2018-11-16T10:54:01Z">
          <params>
            <param index="0">
              <value>
                <![CDATA[Automate8]]>
              </value>
            </param>
            <param index="1">
              <value>
                <![CDATA[#2, 2nd main, 7rd street]]>
              </value>
            </param>
            <param index="2">
              <value>
                <![CDATA[uiu]]>
              </value>
            </param>
            <param index="3">
              <value>
                <![CDATA[uiui]]>
              </value>
            </param>
            <param index="4">
              <value>
                <![CDATA[Bangalore]]>
              </value>
            </param>
            <param index="5">
              <value>
                <![CDATA[67456746536547605454545455434434]]>
              </value>
            </param>
            <param index="6">
              <value>
                <![CDATA[560101]]>
              </value>
            </param>
            <param index="7">
              <value>
                <![CDATA[67456746536547605454545455434434]]>
              </value>
            </param>
            <param index="8">
              <value>
                <![CDATA[656560101]]>
              </value>
            </param>
            <param index="9">
              <value>
                <![CDATA[test8@mailinator.com]]>
              </value>
            </param>
            <param index="10">
              <value>
                <![CDATA[http://www.example.com]]>
              </value>
            </param>
            <param index="11">
              <value>
                <![CDATA[05-12-2025]]>
              </value>
            </param>
            <param index="12">
              <value>
                <![CDATA[5]]>
              </value>
            </param>
            <param index="13">
              <value>
                <![CDATA[47]]>
              </value>
            </param>
            <param index="14">
              <value>
                <![CDATA[5]]>
              </value>
            </param>
            <param index="15">
              <value>
                <![CDATA[There is some invalid data in field, please correct it]]>
              </value>
            </param>
          </params>
          <reporter-output>
          </reporter-output>
        </test-method> <!-- validateCustomerAdd -->
        <test-method status="PASS" signature="failScreenShot(org.testng.ITestResult)[pri:0, instance:scripts.Logout@1a1d6a08]" name="failScreenShot" is-config="true" duration-ms="0" started-at="2018-11-16T10:53:41Z" finished-at="2018-11-16T10:53:41Z">
          <params>
            <param index="0">
              <value>
                <![CDATA[[TestResult name=validateCustomerAdd status=SUCCESS method=CustomerInfo.validateCustomerAdd(java.lang.String, java.lang.String, java.lang.String, java.lang.String, java.lang.String, java.lang.String, java.lang.String, java.lang.String, java.lang.String, java.lang.String, java.lang.String, java.lang.String, java.lang.String, java.lang.String, java.lang.String, java.lang.String)[pri:4, instance:scripts.Logout@1a1d6a08] output={null}]]]>
              </value>
            </param>
          </params>
          <reporter-output>
          </reporter-output>
        </test-method> <!-- failScreenShot -->
        <test-method status="PASS" signature="failScreenShot(org.testng.ITestResult)[pri:0, instance:scripts.Logout@1a1d6a08]" name="failScreenShot" is-config="true" duration-ms="0" started-at="2018-11-16T10:54:01Z" finished-at="2018-11-16T10:54:01Z">
          <params>
            <param index="0">
              <value>
                <![CDATA[[TestResult name=validateCustomerAdd status=SUCCESS method=CustomerInfo.validateCustomerAdd(java.lang.String, java.lang.String, java.lang.String, java.lang.String, java.lang.String, java.lang.String, java.lang.String, java.lang.String, java.lang.String, java.lang.String, java.lang.String, java.lang.String, java.lang.String, java.lang.String, java.lang.String, java.lang.String)[pri:4, instance:scripts.Logout@1a1d6a08] output={null}]]]>
              </value>
            </param>
          </params>
          <reporter-output>
          </reporter-output>
        </test-method> <!-- failScreenShot -->
        <test-method status="PASS" signature="validateCustomerAdd(java.lang.String, java.lang.String, java.lang.String, java.lang.String, java.lang.String, java.lang.String, java.lang.String, java.lang.String, java.lang.String, java.lang.String, java.lang.String, java.lang.String, java.lang.String, java.lang.String, java.lang.String, java.lang.String)[pri:4, instance:scripts.Logout@1a1d6a08]" name="validateCustomerAdd" duration-ms="19679" started-at="2018-11-16T10:54:01Z" data-provider="Customer" finished-at="2018-11-16T10:54:20Z">
          <params>
            <param index="0">
              <value>
                <![CDATA[Automate9]]>
              </value>
            </param>
            <param index="1">
              <value>
                <![CDATA[#1, 1st main, 7nd street]]>
              </value>
            </param>
            <param index="2">
              <value>
                <![CDATA[INDIA]]>
              </value>
            </param>
            <param index="3">
              <value>
                <![CDATA[KARNATAKA]]>
              </value>
            </param>
            <param index="4">
              <value>
                <![CDATA[Bangalore]]>
              </value>
            </param>
            <param index="5">
              <value>
                <![CDATA[rrrrrr]]>
              </value>
            </param>
            <param index="6">
              <value>
                <![CDATA[560102]]>
              </value>
            </param>
            <param index="7">
              <value>
                <![CDATA[rrrrrr]]>
              </value>
            </param>
            <param index="8">
              <value>
                <![CDATA[656560102]]>
              </value>
            </param>
            <param index="9">
              <value>
                <![CDATA[test9@mailinator.com]]>
              </value>
            </param>
            <param index="10">
              <value>
                <![CDATA[http://www.example.com]]>
              </value>
            </param>
            <param index="11">
              <value>
                <![CDATA[05-12-2026]]>
              </value>
            </param>
            <param index="12">
              <value>
                <![CDATA[5]]>
              </value>
            </param>
            <param index="13">
              <value>
                <![CDATA[47]]>
              </value>
            </param>
            <param index="14">
              <value>
                <![CDATA[5]]>
              </value>
            </param>
            <param index="15">
              <value>
                <![CDATA[There is some invalid data in field, please correct it]]>
              </value>
            </param>
          </params>
          <reporter-output>
          </reporter-output>
        </test-method> <!-- validateCustomerAdd -->
        <test-method status="PASS" signature="failScreenShot(org.testng.ITestResult)[pri:0, instance:scripts.Logout@1a1d6a08]" name="failScreenShot" is-config="true" duration-ms="0" started-at="2018-11-16T10:54:20Z" finished-at="2018-11-16T10:54:20Z">
          <params>
            <param index="0">
              <value>
                <![CDATA[[TestResult name=validateCustomerAdd status=SUCCESS method=CustomerInfo.validateCustomerAdd(java.lang.String, java.lang.String, java.lang.String, java.lang.String, java.lang.String, java.lang.String, java.lang.String, java.lang.String, java.lang.String, java.lang.String, java.lang.String, java.lang.String, java.lang.String, java.lang.String, java.lang.String, java.lang.String)[pri:4, instance:scripts.Logout@1a1d6a08] output={null}]]]>
              </value>
            </param>
          </params>
          <reporter-output>
          </reporter-output>
        </test-method> <!-- failScreenShot -->
        <test-method status="PASS" signature="validateCustomerAdd(java.lang.String, java.lang.String, java.lang.String, java.lang.String, java.lang.String, java.lang.String, java.lang.String, java.lang.String, java.lang.String, java.lang.String, java.lang.String, java.lang.String, java.lang.String, java.lang.String, java.lang.String, java.lang.String)[pri:4, instance:scripts.Logout@1a1d6a08]" name="validateCustomerAdd" duration-ms="19894" started-at="2018-11-16T10:54:20Z" data-provider="Customer" finished-at="2018-11-16T10:54:40Z">
          <params>
            <param index="0">
              <value>
                <![CDATA[Automate10]]>
              </value>
            </param>
            <param index="1">
              <value>
                <![CDATA[#2, 2nd main, 6rd street]]>
              </value>
            </param>
            <param index="2">
              <value>
                <![CDATA[INDIA]]>
              </value>
            </param>
            <param index="3">
              <value>
                <![CDATA[KARNATAKA]]>
              </value>
            </param>
            <param index="4">
              <value>
                <![CDATA[Bangalore]]>
              </value>
            </param>
            <param index="5">
              <value>
                <![CDATA[67456746536547]]>
              </value>
            </param>
            <param index="6">
              <value>
                <![CDATA[560103]]>
              </value>
            </param>
            <param index="7">
              <value>
                <![CDATA[67456746536547]]>
              </value>
            </param>
            <param index="8">
              <value>
                <![CDATA[656560103]]>
              </value>
            </param>
            <param index="9">
              <value>
                <![CDATA[test10@mailinator.com]]>
              </value>
            </param>
            <param index="10">
              <value>
                <![CDATA[http://www.example.com]]>
              </value>
            </param>
            <param index="11">
              <value>
                <![CDATA[05-12-2027]]>
              </value>
            </param>
            <param index="12">
              <value>
                <![CDATA[5]]>
              </value>
            </param>
            <param index="13">
              <value>
                <![CDATA[47]]>
              </value>
            </param>
            <param index="14">
              <value>
                <![CDATA[5]]>
              </value>
            </param>
            <param index="15">
              <value>
                <![CDATA[Saved Successfully]]>
              </value>
            </param>
          </params>
          <reporter-output>
          </reporter-output>
        </test-method> <!-- validateCustomerAdd -->
        <test-method status="PASS" signature="failScreenShot(org.testng.ITestResult)[pri:0, instance:scripts.Logout@1a1d6a08]" name="failScreenShot" is-config="true" duration-ms="1" started-at="2018-11-16T10:54:40Z" finished-at="2018-11-16T10:54:40Z">
          <params>
            <param index="0">
              <value>
                <![CDATA[[TestResult name=validateCustomerAdd status=SUCCESS method=CustomerInfo.validateCustomerAdd(java.lang.String, java.lang.String, java.lang.String, java.lang.String, java.lang.String, java.lang.String, java.lang.String, java.lang.String, java.lang.String, java.lang.String, java.lang.String, java.lang.String, java.lang.String, java.lang.String, java.lang.String, java.lang.String)[pri:4, instance:scripts.Logout@1a1d6a08] output={null}]]]>
              </value>
            </param>
          </params>
          <reporter-output>
          </reporter-output>
        </test-method> <!-- failScreenShot -->
        <test-method status="PASS" signature="addCustomer(java.lang.String, java.lang.String, java.lang.String, java.lang.String, java.lang.String, java.lang.String, java.lang.String, java.lang.String, java.lang.String, java.lang.String, java.lang.String, java.lang.String, java.lang.String, java.lang.String, java.lang.String, java.lang.String)[pri:5, instance:scripts.Logout@1a1d6a08]" name="addCustomer" duration-ms="20190" started-at="2018-11-16T10:54:40Z" data-provider="onlyonecustomer" finished-at="2018-11-16T10:55:00Z">
          <params>
            <param index="0">
              <value>
                <![CDATA[Automate10]]>
              </value>
            </param>
            <param index="1">
              <value>
                <![CDATA[#2, 2nd main, 6rd street]]>
              </value>
            </param>
            <param index="2">
              <value>
                <![CDATA[INDIA]]>
              </value>
            </param>
            <param index="3">
              <value>
                <![CDATA[KARNATAKA]]>
              </value>
            </param>
            <param index="4">
              <value>
                <![CDATA[Bangalore]]>
              </value>
            </param>
            <param index="5">
              <value>
                <![CDATA[67456746536547]]>
              </value>
            </param>
            <param index="6">
              <value>
                <![CDATA[560094]]>
              </value>
            </param>
            <param index="7">
              <value>
                <![CDATA[67456746536547]]>
              </value>
            </param>
            <param index="8">
              <value>
                <![CDATA[67456746]]>
              </value>
            </param>
            <param index="9">
              <value>
                <![CDATA[test10@mailinator.com]]>
              </value>
            </param>
            <param index="10">
              <value>
                <![CDATA[http://www.example.com]]>
              </value>
            </param>
            <param index="11">
              <value>
                <![CDATA[05-12-2018]]>
              </value>
            </param>
            <param index="12">
              <value>
                <![CDATA[5]]>
              </value>
            </param>
            <param index="13">
              <value>
                <![CDATA[47]]>
              </value>
            </param>
            <param index="14">
              <value>
                <![CDATA[5]]>
              </value>
            </param>
            <param index="15">
              <value>
                <![CDATA[Saved Successfully]]>
              </value>
            </param>
          </params>
          <reporter-output>
          </reporter-output>
        </test-method> <!-- addCustomer -->
        <test-method status="PASS" signature="failScreenShot(org.testng.ITestResult)[pri:0, instance:scripts.Logout@1a1d6a08]" name="failScreenShot" is-config="true" duration-ms="0" started-at="2018-11-16T10:55:00Z" finished-at="2018-11-16T10:55:00Z">
          <params>
            <param index="0">
              <value>
                <![CDATA[[TestResult name=addCustomer status=SUCCESS method=CustomerInfo.addCustomer(java.lang.String, java.lang.String, java.lang.String, java.lang.String, java.lang.String, java.lang.String, java.lang.String, java.lang.String, java.lang.String, java.lang.String, java.lang.String, java.lang.String, java.lang.String, java.lang.String, java.lang.String, java.lang.String)[pri:5, instance:scripts.Logout@1a1d6a08] output={null}]]]>
              </value>
            </param>
          </params>
          <reporter-output>
          </reporter-output>
        </test-method> <!-- failScreenShot -->
        <test-method status="PASS" signature="updateCus(java.lang.String, java.lang.String, java.lang.String, java.lang.String, java.lang.String, java.lang.String, java.lang.String, java.lang.String, java.lang.String, java.lang.String, java.lang.String, java.lang.String, java.lang.String, java.lang.String, java.lang.String, java.lang.String)[pri:6, instance:scripts.Logout@1a1d6a08]" name="updateCus" duration-ms="151590" started-at="2018-11-16T10:55:00Z" data-provider="onlyonecustomer" finished-at="2018-11-16T10:57:32Z">
          <params>
            <param index="0">
              <value>
                <![CDATA[Automate10]]>
              </value>
            </param>
            <param index="1">
              <value>
                <![CDATA[#2, 2nd main, 6rd street]]>
              </value>
            </param>
            <param index="2">
              <value>
                <![CDATA[INDIA]]>
              </value>
            </param>
            <param index="3">
              <value>
                <![CDATA[KARNATAKA]]>
              </value>
            </param>
            <param index="4">
              <value>
                <![CDATA[Bangalore]]>
              </value>
            </param>
            <param index="5">
              <value>
                <![CDATA[67456746536547]]>
              </value>
            </param>
            <param index="6">
              <value>
                <![CDATA[560094]]>
              </value>
            </param>
            <param index="7">
              <value>
                <![CDATA[67456746536547]]>
              </value>
            </param>
            <param index="8">
              <value>
                <![CDATA[67456746]]>
              </value>
            </param>
            <param index="9">
              <value>
                <![CDATA[test10@mailinator.com]]>
              </value>
            </param>
            <param index="10">
              <value>
                <![CDATA[http://www.example.com]]>
              </value>
            </param>
            <param index="11">
              <value>
                <![CDATA[05-12-2018]]>
              </value>
            </param>
            <param index="12">
              <value>
                <![CDATA[5]]>
              </value>
            </param>
            <param index="13">
              <value>
                <![CDATA[47]]>
              </value>
            </param>
            <param index="14">
              <value>
                <![CDATA[5]]>
              </value>
            </param>
            <param index="15">
              <value>
                <![CDATA[Saved Successfully]]>
              </value>
            </param>
          </params>
          <reporter-output>
          </reporter-output>
        </test-method> <!-- updateCus -->
        <test-method status="PASS" signature="failScreenShot(org.testng.ITestResult)[pri:0, instance:scripts.Logout@1a1d6a08]" name="failScreenShot" is-config="true" duration-ms="0" started-at="2018-11-16T10:57:32Z" finished-at="2018-11-16T10:57:32Z">
          <params>
            <param index="0">
              <value>
                <![CDATA[[TestResult name=updateCus status=SUCCESS method=CustomerInfo.updateCus(java.lang.String, java.lang.String, java.lang.String, java.lang.String, java.lang.String, java.lang.String, java.lang.String, java.lang.String, java.lang.String, java.lang.String, java.lang.String, java.lang.String, java.lang.String, java.lang.String, java.lang.String, java.lang.String)[pri:6, instance:scripts.Logout@1a1d6a08] output={null}]]]>
              </value>
            </param>
          </params>
          <reporter-output>
          </reporter-output>
        </test-method> <!-- failScreenShot -->
        <test-method status="PASS" signature="deleteNoBtn()[pri:7, instance:scripts.Logout@1a1d6a08]" name="deleteNoBtn" duration-ms="9982" started-at="2018-11-16T10:57:32Z" depends-on-methods="scripts.CustomerInfo.updateCus" finished-at="2018-11-16T10:57:42Z">
          <reporter-output>
          </reporter-output>
        </test-method> <!-- deleteNoBtn -->
        <test-method status="PASS" signature="failScreenShot(org.testng.ITestResult)[pri:0, instance:scripts.Logout@1a1d6a08]" name="failScreenShot" is-config="true" duration-ms="0" started-at="2018-11-16T10:57:42Z" finished-at="2018-11-16T10:57:42Z">
          <params>
            <param index="0">
              <value>
                <![CDATA[[TestResult name=deleteNoBtn status=SUCCESS method=CustomerInfo.deleteNoBtn()[pri:7, instance:scripts.Logout@1a1d6a08] output={null}]]]>
              </value>
            </param>
          </params>
          <reporter-output>
          </reporter-output>
        </test-method> <!-- failScreenShot -->
        <test-method status="PASS" signature="deleteYesBtn()[pri:8, instance:scripts.Logout@1a1d6a08]" name="deleteYesBtn" duration-ms="80518" started-at="2018-11-16T10:57:42Z" depends-on-methods="scripts.CustomerInfo.deleteNoBtn" finished-at="2018-11-16T10:59:02Z">
          <reporter-output>
          </reporter-output>
        </test-method> <!-- deleteYesBtn -->
        <test-method status="PASS" signature="failScreenShot(org.testng.ITestResult)[pri:0, instance:scripts.Logout@1a1d6a08]" name="failScreenShot" is-config="true" duration-ms="1" started-at="2018-11-16T10:59:02Z" finished-at="2018-11-16T10:59:02Z">
          <params>
            <param index="0">
              <value>
                <![CDATA[[TestResult name=deleteYesBtn status=SUCCESS method=CustomerInfo.deleteYesBtn()[pri:8, instance:scripts.Logout@1a1d6a08] output={null}]]]>
              </value>
            </param>
          </params>
          <reporter-output>
          </reporter-output>
        </test-method> <!-- failScreenShot -->
        <test-method status="PASS" signature="navigateToPF()[pri:9, instance:scripts.Logout@1a1d6a08]" name="navigateToPF" duration-ms="30326" started-at="2018-11-16T10:59:02Z" finished-at="2018-11-16T10:59:33Z">
          <reporter-output>
          </reporter-output>
        </test-method> <!-- navigateToPF -->
        <test-method status="PASS" signature="failScreenShot(org.testng.ITestResult)[pri:0, instance:scripts.Logout@1a1d6a08]" name="failScreenShot" is-config="true" duration-ms="0" started-at="2018-11-16T10:59:33Z" finished-at="2018-11-16T10:59:33Z">
          <params>
            <param index="0">
              <value>
                <![CDATA[[TestResult name=navigateToPF status=SUCCESS method=CustomerInfo.navigateToPF()[pri:9, instance:scripts.Logout@1a1d6a08] output={null}]]]>
              </value>
            </param>
          </params>
          <reporter-output>
          </reporter-output>
        </test-method> <!-- failScreenShot -->
        <test-method status="PASS" signature="productFeatureCheck()[pri:10, instance:scripts.Logout@1a1d6a08]" name="productFeatureCheck" duration-ms="95970" started-at="2018-11-16T10:59:33Z" finished-at="2018-11-16T11:01:09Z">
          <reporter-output>
          </reporter-output>
        </test-method> <!-- productFeatureCheck -->
        <test-method status="PASS" signature="failScreenShot(org.testng.ITestResult)[pri:0, instance:scripts.Logout@1a1d6a08]" name="failScreenShot" is-config="true" duration-ms="0" started-at="2018-11-16T11:01:09Z" finished-at="2018-11-16T11:01:09Z">
          <params>
            <param index="0">
              <value>
                <![CDATA[[TestResult name=productFeatureCheck status=SUCCESS method=CustomerInfo.productFeatureCheck()[pri:10, instance:scripts.Logout@1a1d6a08] output={null}]]]>
              </value>
            </param>
          </params>
          <reporter-output>
          </reporter-output>
        </test-method> <!-- failScreenShot -->
        <test-method status="PASS" signature="navigateToCustomization()[pri:11, instance:scripts.Logout@1a1d6a08]" name="navigateToCustomization" duration-ms="30283" started-at="2018-11-16T11:01:09Z" finished-at="2018-11-16T11:01:39Z">
          <reporter-output>
          </reporter-output>
        </test-method> <!-- navigateToCustomization -->
        <test-method status="PASS" signature="failScreenShot(org.testng.ITestResult)[pri:0, instance:scripts.Logout@1a1d6a08]" name="failScreenShot" is-config="true" duration-ms="0" started-at="2018-11-16T11:01:39Z" finished-at="2018-11-16T11:01:39Z">
          <params>
            <param index="0">
              <value>
                <![CDATA[[TestResult name=navigateToCustomization status=SUCCESS method=CustomerInfo.navigateToCustomization()[pri:11, instance:scripts.Logout@1a1d6a08] output={null}]]]>
              </value>
            </param>
          </params>
          <reporter-output>
          </reporter-output>
        </test-method> <!-- failScreenShot -->
        <test-method status="PASS" signature="customizationSet()[pri:12, instance:scripts.Logout@1a1d6a08]" name="customizationSet" duration-ms="71276" started-at="2018-11-16T11:01:39Z" finished-at="2018-11-16T11:02:50Z">
          <reporter-output>
          </reporter-output>
        </test-method> <!-- customizationSet -->
        <test-method status="PASS" signature="failScreenShot(org.testng.ITestResult)[pri:0, instance:scripts.Logout@1a1d6a08]" name="failScreenShot" is-config="true" duration-ms="0" started-at="2018-11-16T11:02:50Z" finished-at="2018-11-16T11:02:50Z">
          <params>
            <param index="0">
              <value>
                <![CDATA[[TestResult name=customizationSet status=SUCCESS method=CustomerInfo.customizationSet()[pri:12, instance:scripts.Logout@1a1d6a08] output={null}]]]>
              </value>
            </param>
          </params>
          <reporter-output>
          </reporter-output>
        </test-method> <!-- failScreenShot -->
        <test-method status="PASS" signature="userMange(java.lang.String, java.lang.String, java.lang.String, java.lang.String, java.lang.String, java.lang.String, java.lang.String, java.lang.String, java.lang.String, java.lang.String)[pri:13, instance:scripts.Logout@1a1d6a08]" name="userMange" duration-ms="94187" started-at="2018-11-16T11:02:50Z" data-provider="user" finished-at="2018-11-16T11:04:25Z">
          <params>
            <param index="0">
              <value>
                <![CDATA[tillu]]>
              </value>
            </param>
            <param index="1">
              <value>
                <![CDATA[merchant]]>
              </value>
            </param>
            <param index="2">
              <value>
                <![CDATA[.]]>
              </value>
            </param>
            <param index="3">
              <value>
                <![CDATA[tillu]]>
              </value>
            </param>
            <param index="4">
              <value>
                <![CDATA[user]]>
              </value>
            </param>
            <param index="5">
              <value>
                <![CDATA[Sand]]>
              </value>
            </param>
            <param index="6">
              <value>
                <![CDATA[8888877767676767]]>
              </value>
            </param>
            <param index="7">
              <value>
                <![CDATA[009090900]]>
              </value>
            </param>
            <param index="8">
              <value>
                <![CDATA[536547878]]>
              </value>
            </param>
            <param index="9">
              <value>
                <![CDATA[tillu@mailinator.com]]>
              </value>
            </param>
          </params>
          <reporter-output>
          </reporter-output>
        </test-method> <!-- userMange -->
        <test-method status="PASS" signature="failScreenShot(org.testng.ITestResult)[pri:0, instance:scripts.Logout@1a1d6a08]" name="failScreenShot" is-config="true" duration-ms="0" started-at="2018-11-16T11:04:25Z" finished-at="2018-11-16T11:04:25Z">
          <params>
            <param index="0">
              <value>
                <![CDATA[[TestResult name=userMange status=SUCCESS method=CustomerInfo.userMange(java.lang.String, java.lang.String, java.lang.String, java.lang.String, java.lang.String, java.lang.String, java.lang.String, java.lang.String, java.lang.String, java.lang.String)[pri:13, instance:scripts.Logout@1a1d6a08] output={null}]]]>
              </value>
            </param>
          </params>
          <reporter-output>
          </reporter-output>
        </test-method> <!-- failScreenShot -->
        <test-method status="PASS" signature="updateUser(java.lang.String, java.lang.String, java.lang.String, java.lang.String, java.lang.String, java.lang.String, java.lang.String, java.lang.String, java.lang.String, java.lang.String)[pri:14, instance:scripts.Logout@1a1d6a08]" name="updateUser" duration-ms="52090" started-at="2018-11-16T11:04:25Z" data-provider="user" finished-at="2018-11-16T11:05:17Z">
          <params>
            <param index="0">
              <value>
                <![CDATA[tillu]]>
              </value>
            </param>
            <param index="1">
              <value>
                <![CDATA[merchant]]>
              </value>
            </param>
            <param index="2">
              <value>
                <![CDATA[.]]>
              </value>
            </param>
            <param index="3">
              <value>
                <![CDATA[tillu]]>
              </value>
            </param>
            <param index="4">
              <value>
                <![CDATA[user]]>
              </value>
            </param>
            <param index="5">
              <value>
                <![CDATA[Sand]]>
              </value>
            </param>
            <param index="6">
              <value>
                <![CDATA[8888877767676767]]>
              </value>
            </param>
            <param index="7">
              <value>
                <![CDATA[009090900]]>
              </value>
            </param>
            <param index="8">
              <value>
                <![CDATA[536547878]]>
              </value>
            </param>
            <param index="9">
              <value>
                <![CDATA[tillu@mailinator.com]]>
              </value>
            </param>
          </params>
          <reporter-output>
          </reporter-output>
        </test-method> <!-- updateUser -->
        <test-method status="PASS" signature="failScreenShot(org.testng.ITestResult)[pri:0, instance:scripts.Logout@1a1d6a08]" name="failScreenShot" is-config="true" duration-ms="0" started-at="2018-11-16T11:05:17Z" finished-at="2018-11-16T11:05:17Z">
          <params>
            <param index="0">
              <value>
                <![CDATA[[TestResult name=updateUser status=SUCCESS method=CustomerInfo.updateUser(java.lang.String, java.lang.String, java.lang.String, java.lang.String, java.lang.String, java.lang.String, java.lang.String, java.lang.String, java.lang.String, java.lang.String)[pri:14, instance:scripts.Logout@1a1d6a08] output={null}]]]>
              </value>
            </param>
          </params>
          <reporter-output>
          </reporter-output>
        </test-method> <!-- failScreenShot -->
        <test-method status="PASS" signature="userGroupAssociation()[pri:15, instance:scripts.Logout@1a1d6a08]" name="userGroupAssociation" duration-ms="69373" started-at="2018-11-16T11:05:17Z" finished-at="2018-11-16T11:06:26Z">
          <reporter-output>
          </reporter-output>
        </test-method> <!-- userGroupAssociation -->
        <test-method status="PASS" signature="defaultAssetGroupModify()[pri:16, instance:scripts.Logout@1a1d6a08]" name="defaultAssetGroupModify" duration-ms="70850" started-at="2018-11-16T11:06:26Z" finished-at="2018-11-16T11:07:37Z">
          <reporter-output>
          </reporter-output>
        </test-method> <!-- defaultAssetGroupModify -->
        <test-method status="PASS" signature="failScreenShot(org.testng.ITestResult)[pri:0, instance:scripts.Logout@1a1d6a08]" name="failScreenShot" is-config="true" duration-ms="0" started-at="2018-11-16T11:06:26Z" finished-at="2018-11-16T11:06:26Z">
          <params>
            <param index="0">
              <value>
                <![CDATA[[TestResult name=userGroupAssociation status=SUCCESS method=CustomerInfo.userGroupAssociation()[pri:15, instance:scripts.Logout@1a1d6a08] output={null}]]]>
              </value>
            </param>
          </params>
          <reporter-output>
          </reporter-output>
        </test-method> <!-- failScreenShot -->
        <test-method status="PASS" signature="failScreenShot(org.testng.ITestResult)[pri:0, instance:scripts.Logout@1a1d6a08]" name="failScreenShot" is-config="true" duration-ms="0" started-at="2018-11-16T11:07:37Z" finished-at="2018-11-16T11:07:37Z">
          <params>
            <param index="0">
              <value>
                <![CDATA[[TestResult name=defaultAssetGroupModify status=SUCCESS method=CustomerInfo.defaultAssetGroupModify()[pri:16, instance:scripts.Logout@1a1d6a08] output={null}]]]>
              </value>
            </param>
          </params>
          <reporter-output>
          </reporter-output>
        </test-method> <!-- failScreenShot -->
        <test-method status="PASS" signature="validateAssetGroupAlreadyExist()[pri:17, instance:scripts.Logout@1a1d6a08]" name="validateAssetGroupAlreadyExist" duration-ms="16056" started-at="2018-11-16T11:07:37Z" finished-at="2018-11-16T11:07:53Z">
          <reporter-output>
          </reporter-output>
        </test-method> <!-- validateAssetGroupAlreadyExist -->
        <test-method status="PASS" signature="failScreenShot(org.testng.ITestResult)[pri:0, instance:scripts.Logout@1a1d6a08]" name="failScreenShot" is-config="true" duration-ms="0" started-at="2018-11-16T11:07:53Z" finished-at="2018-11-16T11:07:53Z">
          <params>
            <param index="0">
              <value>
                <![CDATA[[TestResult name=validateAssetGroupAlreadyExist status=SUCCESS method=CustomerInfo.validateAssetGroupAlreadyExist()[pri:17, instance:scripts.Logout@1a1d6a08] output={null}]]]>
              </value>
            </param>
          </params>
          <reporter-output>
          </reporter-output>
        </test-method> <!-- failScreenShot -->
        <test-method status="PASS" signature="addAssertGroup(java.lang.String, java.lang.String, java.lang.String)[pri:18, instance:scripts.Logout@1a1d6a08]" name="addAssertGroup" duration-ms="31247" started-at="2018-11-16T11:07:53Z" data-provider="assetGroup" finished-at="2018-11-16T11:08:24Z">
          <params>
            <param index="0">
              <value>
                <![CDATA[Asset Group 1]]>
              </value>
            </param>
            <param index="1">
              <value>
                <![CDATA[karnata]]>
              </value>
            </param>
            <param index="2">
              <value>
                <![CDATA[bangalor]]>
              </value>
            </param>
          </params>
          <reporter-output>
          </reporter-output>
        </test-method> <!-- addAssertGroup -->
        <test-method status="PASS" signature="failScreenShot(org.testng.ITestResult)[pri:0, instance:scripts.Logout@1a1d6a08]" name="failScreenShot" is-config="true" duration-ms="0" started-at="2018-11-16T11:08:24Z" finished-at="2018-11-16T11:08:24Z">
          <params>
            <param index="0">
              <value>
                <![CDATA[[TestResult name=addAssertGroup status=SUCCESS method=CustomerInfo.addAssertGroup(java.lang.String, java.lang.String, java.lang.String)[pri:18, instance:scripts.Logout@1a1d6a08] output={null}]]]>
              </value>
            </param>
          </params>
          <reporter-output>
          </reporter-output>
        </test-method> <!-- failScreenShot -->
        <test-method status="PASS" signature="updateGroup(java.lang.String, java.lang.String, java.lang.String)[pri:19, instance:scripts.Logout@1a1d6a08]" name="updateGroup" duration-ms="141112" started-at="2018-11-16T11:08:24Z" data-provider="assetGroup" finished-at="2018-11-16T11:10:45Z">
          <params>
            <param index="0">
              <value>
                <![CDATA[Asset Group 1]]>
              </value>
            </param>
            <param index="1">
              <value>
                <![CDATA[karnata]]>
              </value>
            </param>
            <param index="2">
              <value>
                <![CDATA[bangalor]]>
              </value>
            </param>
          </params>
          <reporter-output>
          </reporter-output>
        </test-method> <!-- updateGroup -->
        <test-method status="PASS" signature="failScreenShot(org.testng.ITestResult)[pri:0, instance:scripts.Logout@1a1d6a08]" name="failScreenShot" is-config="true" duration-ms="1" started-at="2018-11-16T11:10:45Z" finished-at="2018-11-16T11:10:45Z">
          <params>
            <param index="0">
              <value>
                <![CDATA[[TestResult name=updateGroup status=SUCCESS method=CustomerInfo.updateGroup(java.lang.String, java.lang.String, java.lang.String)[pri:19, instance:scripts.Logout@1a1d6a08] output={null}]]]>
              </value>
            </param>
          </params>
          <reporter-output>
          </reporter-output>
        </test-method> <!-- failScreenShot -->
        <test-method status="PASS" signature="assertGrpFeature()[pri:20, instance:scripts.Logout@1a1d6a08]" name="assertGrpFeature" duration-ms="55920" started-at="2018-11-16T11:10:45Z" finished-at="2018-11-16T11:11:41Z">
          <reporter-output>
          </reporter-output>
        </test-method> <!-- assertGrpFeature -->
        <test-method status="PASS" signature="failScreenShot(org.testng.ITestResult)[pri:0, instance:scripts.Logout@1a1d6a08]" name="failScreenShot" is-config="true" duration-ms="0" started-at="2018-11-16T11:11:41Z" finished-at="2018-11-16T11:11:41Z">
          <params>
            <param index="0">
              <value>
                <![CDATA[[TestResult name=assertGrpFeature status=SUCCESS method=CustomerInfo.assertGrpFeature()[pri:20, instance:scripts.Logout@1a1d6a08] output={null}]]]>
              </value>
            </param>
          </params>
          <reporter-output>
          </reporter-output>
        </test-method> <!-- failScreenShot -->
        <test-method status="PASS" signature="logout()[pri:21, instance:scripts.Logout@1a1d6a08]" name="logout" duration-ms="6274" started-at="2018-11-16T11:11:41Z" finished-at="2018-11-16T11:11:47Z">
          <reporter-output>
          </reporter-output>
        </test-method> <!-- logout -->
        <test-method status="PASS" signature="closeCon()[pri:0, instance:scripts.Logout@1a1d6a08]" name="closeCon" is-config="true" duration-ms="2236" started-at="2018-11-16T11:11:47Z" finished-at="2018-11-16T11:11:50Z">
          <reporter-output>
          </reporter-output>
        </test-method> <!-- closeCon -->
        <test-method status="PASS" signature="failScreenShot(org.testng.ITestResult)[pri:0, instance:scripts.Logout@1a1d6a08]" name="failScreenShot" is-config="true" duration-ms="0" started-at="2018-11-16T11:11:47Z" finished-at="2018-11-16T11:11:47Z">
          <params>
            <param index="0">
              <value>
                <![CDATA[[TestResult name=logout status=SUCCESS method=Logout.logout()[pri:21, instance:scripts.Logout@1a1d6a08] output={null}]]]>
              </value>
            </param>
          </params>
          <reporter-output>
          </reporter-output>
        </test-method> <!-- failScreenShot -->
      </class> <!-- scripts.Logout -->
    </test> <!-- Test -->
  </suite> <!-- Suite -->
</testng-results>
