<?xml version="1.0" encoding="UTF-8"?>
<!-- Generated by org.testng.reporters.JUnitXMLReporter -->
<testsuite hostname="T4ublrlpusr093" ignored="0" name="Test" tests="31" failures="0" timestamp="16 Nov 2018 11:11:50 GMT" time="1252.45" errors="0">
  <testcase name="test_Home_Page_Appear_Correct" time="6.513" classname="scripts.ValidLogin"/>
  <testcase name="verifyLoginUser" time="0.542" classname="scripts.Administration"/>
  <testcase name="navigateMasterOp" time="2.494" classname="scripts.Administration"/>
  <testcase name="navigateCustomerInfoADD" time="0.323" classname="scripts.CustomerInfo"/>
  <testcase name="validateCustomerAdd" time="20.347" classname="scripts.CustomerInfo"/>
  <testcase name="validateCustomerAdd" time="20.65" classname="scripts.CustomerInfo"/>
  <testcase name="validateCustomerAdd" time="19.823" classname="scripts.CustomerInfo"/>
  <testcase name="validateCustomerAdd" time="20.057" classname="scripts.CustomerInfo"/>
  <testcase name="validateCustomerAdd" time="19.896" classname="scripts.CustomerInfo"/>
  <testcase name="validateCustomerAdd" time="19.727" classname="scripts.CustomerInfo"/>
  <testcase name="validateCustomerAdd" time="19.724" classname="scripts.CustomerInfo"/>
  <testcase name="validateCustomerAdd" time="19.824" classname="scripts.CustomerInfo"/>
  <testcase name="validateCustomerAdd" time="19.679" classname="scripts.CustomerInfo"/>
  <testcase name="validateCustomerAdd" time="19.894" classname="scripts.CustomerInfo"/>
  <testcase name="addCustomer" time="20.19" classname="scripts.CustomerInfo"/>
  <testcase name="updateCus" time="151.59" classname="scripts.CustomerInfo"/>
  <testcase name="deleteNoBtn" time="9.982" classname="scripts.CustomerInfo"/>
  <testcase name="deleteYesBtn" time="80.518" classname="scripts.CustomerInfo"/>
  <testcase name="navigateToPF" time="30.326" classname="scripts.CustomerInfo"/>
  <testcase name="productFeatureCheck" time="95.97" classname="scripts.CustomerInfo"/>
  <testcase name="navigateToCustomization" time="30.283" classname="scripts.CustomerInfo"/>
  <testcase name="customizationSet" time="71.276" classname="scripts.CustomerInfo"/>
  <testcase name="userMange" time="94.187" classname="scripts.CustomerInfo"/>
  <testcase name="updateUser" time="52.09" classname="scripts.CustomerInfo"/>
  <testcase name="userGroupAssociation" time="69.373" classname="scripts.CustomerInfo"/>
  <testcase name="defaultAssetGroupModify" time="70.85" classname="scripts.CustomerInfo"/>
  <testcase name="validateAssetGroupAlreadyExist" time="16.056" classname="scripts.CustomerInfo"/>
  <testcase name="addAssertGroup" time="31.247" classname="scripts.CustomerInfo"/>
  <testcase name="updateGroup" time="141.112" classname="scripts.CustomerInfo"/>
  <testcase name="assertGrpFeature" time="55.92" classname="scripts.CustomerInfo"/>
  <testcase name="logout" time="6.274" classname="scripts.Logout"/>
</testsuite> <!-- Test -->
